<?xml version="1.0" encoding="UTF-8"?>
<testng-results skipped="0" failed="0" total="1" passed="1">
  <reporter-output>
  </reporter-output>
  <suite name="Surefire suite" duration-ms="125" started-at="2019-04-09T10:13:12Z" finished-at="2019-04-09T10:13:12Z">
    <groups>
    </groups>
    <test name="Surefire test" duration-ms="125" started-at="2019-04-09T10:13:12Z" finished-at="2019-04-09T10:13:12Z">
      <class name="CucumberWithSelenium.cucumber.selenium.AppTest">
        <test-method status="PASS" signature="testApp()[pri:0, instance:testApp(CucumberWithSelenium.cucumber.selenium.AppTest)]" name="testApp" duration-ms="0" started-at="2019-04-09T15:43:12Z" finished-at="2019-04-09T15:43:12Z">
          <reporter-output>
          </reporter-output>
        </test-method> <!-- testApp -->
      </class> <!-- CucumberWithSelenium.cucumber.selenium.AppTest -->
    </test> <!-- Surefire test -->
  </suite> <!-- Surefire suite -->
</testng-results>
